<?xml version="1.0" encoding="UTF-8"?>
<!-- Generated by org.testng.reporters.JUnitXMLReporter -->
<testsuite hostname="DESKTOP-HF6IO01" name="Default test" tests="1" failures="1" timestamp="14 Oct 2019 00:35:01 GMT" time="64.936" errors="0">
  <testcase name="checkTitle" time="0.713" classname="com.qa.jtv.TestCases.CreateAccount_PageTest">
    <failure type="java.lang.AssertionError" message="expected [abc] but found [JTV - Jewelry, Diamonds, Gemstones, Rings, Necklaces, Earrings | JTV.com]">
      <![CDATA[java.lang.AssertionError: expected [abc] but found [JTV - Jewelry, Diamonds, Gemstones, Rings, Necklaces, Earrings | JTV.com]
	at com.qa.jtv.TestCases.CreateAccount_PageTest.checkTitle(CreateAccount_PageTest.java:32)
... Removed 29 stack frames]]>
    </failure>
  </testcase> <!-- checkTitle -->
</testsuite> <!-- Default test -->
