<?xml version="1.0" encoding="UTF-8"?>
<!-- Generated by org.testng.reporters.JUnitXMLReporter -->
<testsuite hostname="DESKTOP-HF6IO01" name="Default test" tests="1" failures="1" timestamp="14 Oct 2019 20:23:58 GMT" time="44.135" errors="0">
  <testcase name="letsLogin" time="9.239" classname="com.qa.jtv.TestCases.LoginPage_Test">
    <failure type="java.lang.NullPointerException">
      <![CDATA[java.lang.NullPointerException
	at com.qa.jtv.pages.Login_Page.login(Login_Page.java:22)
	at com.qa.jtv.TestCases.LoginPage_Test.letsLogin(LoginPage_Test.java:35)
... Removed 24 stack frames]]>
    </failure>
  </testcase> <!-- letsLogin -->
</testsuite> <!-- Default test -->
