<?xml version="1.0" encoding="UTF-8"?>
<testng-results skipped="0" failed="0" total="1" passed="1">
  <reporter-output>
  </reporter-output>
  <suite name="Default suite" duration-ms="85021" started-at="2019-10-23T05:19:05Z" finished-at="2019-10-23T05:20:30Z">
    <groups>
    </groups>
    <test name="Default test" duration-ms="85021" started-at="2019-10-23T05:19:05Z" finished-at="2019-10-23T05:20:30Z">
      <class name="com.qa.jtv.TestCases.ShippingAddress_Test">
        <test-method status="PASS" signature="initialize()[pri:0, instance:com.qa.jtv.TestCases.ShippingAddress_Test@55f3ddb1]" name="initialize" is-config="true" duration-ms="54493" started-at="2019-10-23T16:19:05Z" finished-at="2019-10-23T16:20:00Z">
          <reporter-output>
          </reporter-output>
        </test-method> <!-- initialize -->
        <test-method status="PASS" signature="selectC()[pri:0, instance:com.qa.jtv.TestCases.ShippingAddress_Test@55f3ddb1]" name="selectC" duration-ms="30442" started-at="2019-10-23T16:20:00Z" finished-at="2019-10-23T16:20:30Z">
          <reporter-output>
          </reporter-output>
        </test-method> <!-- selectC -->
      </class> <!-- com.qa.jtv.TestCases.ShippingAddress_Test -->
    </test> <!-- Default test -->
  </suite> <!-- Default suite -->
</testng-results>
